<?xml version="1.0" encoding="UTF-8"?>
<!-- Generated by org.testng.reporters.JUnitReportReporter -->
<testsuite hostname="VishwanathYadav" failures="0" tests="4" name="Data_Provider.Dataprovider" time="0.014" errors="0" timestamp="2024-03-06T00:28:24 IST" skipped="0">
  <testcase classname="Data_Provider.Dataprovider" name="readtestdata" time="0.008"/>
  <testcase classname="Data_Provider.Dataprovider" name="readtestdata" time="0.004"/>
  <testcase classname="Data_Provider.Dataprovider" name="readtestdata" time="0.001"/>
  <testcase classname="Data_Provider.Dataprovider" name="readtestdata" time="0.001"/>
</testsuite> <!-- Data_Provider.Dataprovider -->
